#
# A fatal error has been detected by the Java Runtime Environment:
#
#  EXCEPTION_ACCESS_VIOLATION (0xc0000005) at pc=0x000000006f668d85, pid=16920, tid=14780
#
# JRE version: Java(TM) SE Runtime Environment (8.0_74-b02) (build 1.8.0_74-b02)
# Java VM: Java HotSpot(TM) 64-Bit Server VM (25.74-b02 mixed mode windows-amd64 compressed oops)
# Problematic frame:
# V  [jvm.dll+0x128d85]
#
# Failed to write core dump. Minidumps are not enabled by default on client versions of Windows
#
# If you would like to submit a bug report, please visit:
#   http://bugreport.java.com/bugreport/crash.jsp
#

---------------  T H R E A D  ---------------

Current thread (0x0000000018bc7800):  JavaThread "JDWP Transport Listener: dt_socket" daemon [_thread_in_vm, id=14780, stack(0x000000001aa20000,0x000000001ab20000)]

siginfo: ExceptionCode=0xc0000005, reading address 0x0000000000000001

Registers:
RAX=0x000000001ab1f001, RBX=0x0000000018bc7800, RCX=0x0000000000000001, RDX=0x0000000000000000
RSP=0x000000001ab1efc0, RBP=0x0000000000000001, RSI=0x000000001ab1f0d8, RDI=0x0000000002179150
R8 =0x0000000018bc7800, R9 =0x000000000000ff00, R10=0x0000000000000000, R11=0x3ff05a6001c20019
R12=0x0000000000000000, R13=0x0000000018bc00a8, R14=0x0000000000000000, R15=0x0000000000000000
RIP=0x000000006f668d85, EFLAGS=0x0000000000010202

Top of Stack: (sp=0x000000001ab1efc0)
0x000000001ab1efc0:   0000000018bc7800 0000000018bc7800
0x000000001ab1efd0:   000000001ab1f088 000000006f86e33b
0x000000001ab1efe0:   0000000018bc7800 000000006f88ab9d
0x000000001ab1eff0:   0000000000000000 00000000528c9155
0x000000001ab1f000:   000000001b9bbb10 00000000528d291e
0x000000001ab1f010:   0000000018bc7800 0000000000000000
0x000000001ab1f020:   0000000000000000 0000000000000000
0x000000001ab1f030:   0000000000000001 00000000528d1a15
0x000000001ab1f040:   000000001ab1f0d8 000000001ab1f0b0
0x000000001ab1f050:   0000000000000001 000000001b9bbb10
0x000000001ab1f060:   0000000000000001 00000000528b53b3
0x000000001ab1f070:   000000001ab1f1a0 0000000000000001
0x000000001ab1f080:   0000000000000001 000000001b9bbb10
0x000000001ab1f090:   0000000000000401 0000000000000000
0x000000001ab1f0a0:   0000000000000000 0000000000000000
0x000000001ab1f0b0:   0000000000000001 00000000528b5571 

Instructions: (pc=0x000000006f668d85)
0x000000006f668d65:   cc cc cc cc cc cc cc cc cc cc cc 48 83 ec 28 48
0x000000006f668d75:   85 c9 75 07 33 c0 48 83 c4 28 c3 48 89 5c 24 20
0x000000006f668d85:   48 8b 19 48 85 db 74 20 48 83 fb 37 74 1a 48 8b
0x000000006f668d95:   13 48 8b cb ff 52 10 84 c0 74 0d 48 8b c3 48 8b 


Register to memory mapping:

RAX=0x000000001ab1f001 is pointing into the stack for thread: 0x0000000018bc7800
RBX=0x0000000018bc7800 is a thread
RCX=0x0000000000000001 is an unknown value
RDX=0x0000000000000000 is an unknown value
RSP=0x000000001ab1efc0 is pointing into the stack for thread: 0x0000000018bc7800
RBP=0x0000000000000001 is an unknown value
RSI=0x000000001ab1f0d8 is pointing into the stack for thread: 0x0000000018bc7800
RDI=0x0000000002179150 is an unknown value
R8 =0x0000000018bc7800 is a thread
R9 =0x000000000000ff00 is an unknown value
R10=0x0000000000000000 is an unknown value
R11=0x3ff05a6001c20019 is an unknown value
R12=0x0000000000000000 is an unknown value
R13=0x0000000018bc00a8 is an unknown value
R14=0x0000000000000000 is an unknown value
R15=0x0000000000000000 is an unknown value


Stack: [0x000000001aa20000,0x000000001ab20000],  sp=0x000000001ab1efc0,  free space=1019k
Native frames: (J=compiled Java code, j=interpreted, Vv=VM code, C=native code)
V  [jvm.dll+0x128d85]
V  [jvm.dll+0x34ab9d]
C  [jdwp.dll+0x21a15]
C  [jdwp.dll+0x53b3]
C  [jdwp.dll+0x5571]
C  [jdwp.dll+0xf0a8]
C  [jdwp.dll+0x1f2d5]
C  [jdwp.dll+0x1f4aa]
V  [jvm.dll+0x1bba58]
V  [jvm.dll+0x243434]
V  [jvm.dll+0x29a27a]
C  [msvcr100.dll+0x21d9f]
C  [msvcr100.dll+0x21e3b]
C  [kernel32.dll+0x159cd]
C  [ntdll.dll+0x2a561]


---------------  P R O C E S S  ---------------

Java Threads: ( => current thread )
  0x0000000018d2f000 JavaThread "ReaderThread" [_thread_in_native, id=15804, stack(0x000000001b6e0000,0x000000001b7e0000)]
  0x0000000018c97000 JavaThread "Service Thread" daemon [_thread_blocked, id=17336, stack(0x000000001af10000,0x000000001b010000)]
  0x0000000018c01800 JavaThread "C1 CompilerThread3" daemon [_thread_blocked, id=15884, stack(0x000000001b300000,0x000000001b400000)]
  0x0000000018bf7000 JavaThread "C2 CompilerThread2" daemon [_thread_blocked, id=17220, stack(0x000000001b180000,0x000000001b280000)]
  0x0000000018bf6000 JavaThread "C2 CompilerThread1" daemon [_thread_blocked, id=15880, stack(0x000000001b010000,0x000000001b110000)]
  0x0000000018bee800 JavaThread "C2 CompilerThread0" daemon [_thread_blocked, id=17016, stack(0x000000001a890000,0x000000001a990000)]
  0x0000000018bdd800 JavaThread "JDWP Command Reader" daemon [_thread_in_native, id=16988, stack(0x000000001add0000,0x000000001aed0000)]
  0x0000000018bd6800 JavaThread "JDWP Event Helper Thread" daemon [_thread_blocked, id=17304, stack(0x000000001abd0000,0x000000001acd0000)]
=>0x0000000018bc7800 JavaThread "JDWP Transport Listener: dt_socket" daemon [_thread_in_vm, id=14780, stack(0x000000001aa20000,0x000000001ab20000)]
  0x0000000018bce800 JavaThread "Attach Listener" daemon [_thread_blocked, id=12204, stack(0x000000001a2a0000,0x000000001a3a0000)]
  0x0000000017c2f000 JavaThread "Signal Dispatcher" daemon [_thread_blocked, id=16732, stack(0x0000000019ee0000,0x0000000019fe0000)]
  0x0000000017c1e000 JavaThread "Finalizer" daemon [_thread_blocked, id=13192, stack(0x0000000019ff0000,0x000000001a0f0000)]
  0x0000000017c17000 JavaThread "Reference Handler" daemon [_thread_blocked, id=7496, stack(0x0000000019d70000,0x0000000019e70000)]
  0x00000000021e8000 JavaThread "main" [_thread_blocked, id=14380, stack(0x00000000024c0000,0x00000000025c0000)]

Other Threads:
  0x0000000018b71800 VMThread [stack: 0x0000000019bd0000,0x0000000019cd0000] [id=13128]
  0x0000000018c9d800 WatcherThread [stack: 0x000000001b440000,0x000000001b540000] [id=15168]

VM state:not at safepoint (normal execution)

VM Mutex/Monitor currently owned by a thread: None

Heap:
 PSYoungGen      total 38400K, used 9985K [0x00000000d5d00000, 0x00000000d8780000, 0x0000000100000000)
  eden space 33280K, 30% used [0x00000000d5d00000,0x00000000d66c06c8,0x00000000d7d80000)
  from space 5120K, 0% used [0x00000000d8280000,0x00000000d8280000,0x00000000d8780000)
  to   space 5120K, 0% used [0x00000000d7d80000,0x00000000d7d80000,0x00000000d8280000)
 ParOldGen       total 87552K, used 0K [0x0000000081600000, 0x0000000086b80000, 0x00000000d5d00000)
  object space 87552K, 0% used [0x0000000081600000,0x0000000081600000,0x0000000086b80000)
 Metaspace       used 6307K, capacity 6466K, committed 6784K, reserved 1056768K
  class space    used 746K, capacity 815K, committed 896K, reserved 1048576K

Card table byte_map: [0x0000000011c50000,0x0000000012050000] byte_map_base: 0x0000000011845000

Marking Bits: (ParMarkBitMap*) 0x000000006fd50600
 Begin Bits: [0x0000000012ee0000, 0x0000000014e88000)
 End Bits:   [0x0000000014e88000, 0x0000000016e30000)

Polling page: 0x0000000000350000

CodeCache: size=245760Kb used=2218Kb max_used=2230Kb free=243541Kb
 bounds [0x0000000002890000, 0x0000000002b00000, 0x0000000011890000]
 total_blobs=790 nmethods=508 adapters=203
 compilation: enabled

Compilation events (10 events):
Event: 0.453 Thread 0x0000000018c01800  513       1       com.lapsa.kz.KZLocalizedElement::getBundleBaseName (3 bytes)
Event: 0.453 Thread 0x0000000018c01800 nmethod 513 0x0000000002abd850 code [0x0000000002abd9a0, 0x0000000002abdab0]
Event: 0.454 Thread 0x0000000018c01800  516       1       java.util.stream.AbstractPipeline::getStreamAndOpFlags (5 bytes)
Event: 0.454 Thread 0x0000000018c01800 nmethod 516 0x0000000002abdb10 code [0x0000000002abdc60, 0x0000000002abdd70]
Event: 0.454 Thread 0x0000000018c01800  517       1       com.lapsa.commons.elements.LocalizedElement$DisplayNameVariant::access$2 (5 bytes)
Event: 0.454 Thread 0x0000000018c01800 nmethod 517 0x0000000002abddd0 code [0x0000000002abdf20, 0x0000000002abe010]
Event: 0.466 Thread 0x0000000018c01800  518       1       java.lang.String::toString (2 bytes)
Event: 0.467 Thread 0x0000000018c01800 nmethod 518 0x0000000002abe090 code [0x0000000002abe1e0, 0x0000000002abe2f0]
Event: 0.481 Thread 0x0000000018c01800  519       3       java.lang.StringBuffer::<init> (7 bytes)
Event: 0.481 Thread 0x0000000018c01800 nmethod 519 0x0000000002993cd0 code [0x0000000002993e40, 0x00000000029940f0]

GC Heap History (0 events):
No events

Deoptimization events (0 events):
No events

Internal exceptions (10 events):
Event: 0.135 Thread 0x00000000021e8000 Exception <a 'java/security/PrivilegedActionException'> (0x00000000d6054708) thrown at [C:\re\workspace\8-2-build-windows-amd64-cygwin\jdk8u74\6087\hotspot\src\share\vm\prims\jvm.cpp, line 1386]
Event: 0.135 Thread 0x00000000021e8000 Exception <a 'java/security/PrivilegedActionException'> (0x00000000d6054b00) thrown at [C:\re\workspace\8-2-build-windows-amd64-cygwin\jdk8u74\6087\hotspot\src\share\vm\prims\jvm.cpp, line 1386]
Event: 0.135 Thread 0x00000000021e8000 Exception <a 'java/security/PrivilegedActionException'> (0x00000000d6057588) thrown at [C:\re\workspace\8-2-build-windows-amd64-cygwin\jdk8u74\6087\hotspot\src\share\vm\prims\jvm.cpp, line 1386]
Event: 0.135 Thread 0x00000000021e8000 Exception <a 'java/security/PrivilegedActionException'> (0x00000000d6057980) thrown at [C:\re\workspace\8-2-build-windows-amd64-cygwin\jdk8u74\6087\hotspot\src\share\vm\prims\jvm.cpp, line 1386]
Event: 0.260 Thread 0x00000000021e8000 Exception <a 'java/lang/NoSuchFieldError': method resolution failed> (0x00000000d6503b00) thrown at [C:\re\workspace\8-2-build-windows-amd64-cygwin\jdk8u74\6087\hotspot\src\share\vm\prims\methodHandles.cpp, line 1146]
Event: 0.263 Thread 0x00000000021e8000 Exception <a 'java/lang/NoSuchFieldError': method resolution failed> (0x00000000d65111f0) thrown at [C:\re\workspace\8-2-build-windows-amd64-cygwin\jdk8u74\6087\hotspot\src\share\vm\prims\methodHandles.cpp, line 1146]
Event: 0.275 Thread 0x00000000021e8000 Exception <a 'java/lang/NoSuchMethodError': java.lang.Object.lambda$negate$1(Ljava/lang/Object;)Z> (0x00000000d658e490) thrown at [C:\re\workspace\8-2-build-windows-amd64-cygwin\jdk8u74\6087\hotspot\src\share\vm\interpreter\linkResolver.cpp, line 582]
Event: 0.320 Thread 0x00000000021e8000 Exception <a 'java/lang/NoSuchMethodError': java.lang.Object.lambda$0(Ljava/util/ResourceBundle;Lcom/lapsa/commons/elements/LocalizedElement$DisplayNameVariant;)Ljava/lang/String;> (0x00000000d65dd168) thrown at [C:\re\workspace\8-2-build-windows-amd64-cyg
Event: 0.321 Thread 0x00000000021e8000 Exception <a 'java/lang/NoSuchMethodError': java.lang.Object.lambda$1(Ljava/lang/String;)Z> (0x00000000d65e7538) thrown at [C:\re\workspace\8-2-build-windows-amd64-cygwin\jdk8u74\6087\hotspot\src\share\vm\interpreter\linkResolver.cpp, line 582]
Event: 0.324 Thread 0x00000000021e8000 Exception <a 'java/lang/NoSuchMethodError': java.lang.Object.lambda$2()Ljava/lang/IllegalArgumentException;> (0x00000000d65f29d8) thrown at [C:\re\workspace\8-2-build-windows-amd64-cygwin\jdk8u74\6087\hotspot\src\share\vm\interpreter\linkResolver.cpp, lineΩ‡èº8¡?

Events (10 events):
Event: 54.229 Executing VM operation: GetCurrentLocation
Event: 54.229 Executing VM operation: GetCurrentLocation done
Event: 54.229 Executing VM operation: EnterInterpOnlyMode
Event: 54.229 Executing VM operation: EnterInterpOnlyMode done
Event: 54.229 Executing VM operation: ChangeSingleStep
Event: 54.229 Executing VM operation: ChangeSingleStep done
Event: 54.229 Executing VM operation: ChangeSingleStep
Event: 54.229 Executing VM operation: ChangeSingleStep done
Event: 54.236 Executing VM operation: RedefineClasses
Event: 54.240 Executing VM operation: RedefineClasses done


Dynamic libraries:
0x000000013fb60000 - 0x000000013fb97000 	C:\Java\jdk1.8.0_74\bin\javaw.exe
0x0000000077360000 - 0x000000007750a000 	C:\Windows\SYSTEM32\ntdll.dll
0x0000000077240000 - 0x000000007735f000 	C:\Windows\system32\kernel32.dll
0x000007fefd0b0000 - 0x000007fefd11a000 	C:\Windows\system32\KERNELBASE.dll
0x0000000074d40000 - 0x0000000074dce000 	C:\Windows\System32\SYSFER.DLL
0x000007feff560000 - 0x000007feff63b000 	C:\Windows\system32\ADVAPI32.dll
0x000007fefdbe0000 - 0x000007fefdc7f000 	C:\Windows\system32\msvcrt.dll
0x000007feff640000 - 0x000007feff65f000 	C:\Windows\SYSTEM32\sechost.dll
0x000007fefd8a0000 - 0x000007fefd9cd000 	C:\Windows\system32\RPCRT4.dll
0x0000000077140000 - 0x000000007723a000 	C:\Windows\system32\USER32.dll
0x000007fefda50000 - 0x000007fefdab7000 	C:\Windows\system32\GDI32.dll
0x000007fefece0000 - 0x000007fefecee000 	C:\Windows\system32\LPK.dll
0x000007feff150000 - 0x000007feff21a000 	C:\Windows\system32\USP10.dll
0x000007fefc0a0000 - 0x000007fefc294000 	C:\Windows\WinSxS\amd64_microsoft.windows.common-controls_6595b64144ccf1df_6.0.7601.18837_none_fa3b1e3d17594757\COMCTL32.dll
0x000007fefd9d0000 - 0x000007fefda41000 	C:\Windows\system32\SHLWAPI.dll
0x000007fefd810000 - 0x000007fefd83e000 	C:\Windows\system32\IMM32.DLL
0x000007feff450000 - 0x000007feff559000 	C:\Windows\system32\MSCTF.dll
0x00000000505d0000 - 0x00000000506a2000 	C:\Java\jdk1.8.0_74\jre\bin\msvcr100.dll
0x000000006f540000 - 0x000000006fdd0000 	C:\Java\jdk1.8.0_74\jre\bin\server\jvm.dll
0x000007fef8de0000 - 0x000007fef8de9000 	C:\Windows\system32\WSOCK32.dll
0x000007feff020000 - 0x000007feff06d000 	C:\Windows\system32\WS2_32.dll
0x000007feff660000 - 0x000007feff668000 	C:\Windows\system32\NSI.dll
0x000007fefabd0000 - 0x000007fefac0b000 	C:\Windows\system32\WINMM.dll
0x000007fefbb60000 - 0x000007fefbb6c000 	C:\Windows\system32\VERSION.dll
0x0000000077520000 - 0x0000000077527000 	C:\Windows\system32\PSAPI.DLL
0x0000000068bb0000 - 0x0000000068bbf000 	C:\Java\jdk1.8.0_74\jre\bin\verify.dll
0x0000000064a60000 - 0x0000000064a89000 	C:\Java\jdk1.8.0_74\jre\bin\java.dll
0x00000000528b0000 - 0x00000000528e5000 	C:\Java\jdk1.8.0_74\jre\bin\jdwp.dll
0x0000000064bb0000 - 0x0000000064bb8000 	C:\Java\jdk1.8.0_74\jre\bin\npt.dll
0x0000000064a40000 - 0x0000000064a56000 	C:\Java\jdk1.8.0_74\jre\bin\zip.dll
0x000007fefdc80000 - 0x000007fefea09000 	C:\Windows\system32\SHELL32.dll
0x000007fefd610000 - 0x000007fefd80c000 	C:\Windows\system32\ole32.dll
0x000007fefd060000 - 0x000007fefd06f000 	C:\Windows\system32\profapi.dll
0x0000000064a30000 - 0x0000000064a39000 	C:\Java\jdk1.8.0_74\jre\bin\dt_socket.dll
0x000007fefa790000 - 0x000007fefa7a5000 	C:\Windows\system32\NLAapi.dll
0x000007fef87e0000 - 0x000007fef87f5000 	C:\Windows\system32\napinsp.dll
0x000007fef87c0000 - 0x000007fef87d9000 	C:\Windows\system32\pnrpnsp.dll
0x000007fefc820000 - 0x000007fefc875000 	C:\Windows\System32\mswsock.dll
0x000007fefc370000 - 0x000007fefc3cb000 	C:\Windows\system32\DNSAPI.dll
0x000007fef7100000 - 0x000007fef710b000 	C:\Windows\System32\winrnr.dll
0x0000000069980000 - 0x00000000699a6000 	C:\Program Files\Bonjour\mdnsNSP.dll
0x000007fefa2e0000 - 0x000007fefa307000 	C:\Windows\system32\Iphlpapi.DLL
0x000007fefa2d0000 - 0x000007fefa2db000 	C:\Windows\system32\WINNSI.DLL
0x000007fef9ff0000 - 0x000007fefa043000 	C:\Windows\System32\fwpuclnt.dll
0x000007fef7da0000 - 0x000007fef7da8000 	C:\Windows\system32\rasadhlp.dll
0x000007fefbc30000 - 0x000007fefbc37000 	C:\Windows\System32\wshtcpip.dll
0x0000000064940000 - 0x000000006495a000 	C:\Java\jdk1.8.0_74\jre\bin\net.dll
0x000007fefc810000 - 0x000007fefc817000 	C:\Windows\System32\wship6.dll
0x000007fef6b50000 - 0x000007fef6c75000 	C:\Windows\system32\dbghelp.dll

VM Arguments:
jvm_args: -agentlib:jdwp=transport=dt_socket,suspend=y,address=localhost:51277 -Dfile.encoding=UTF-8 
java_command: org.eclipse.jdt.internal.junit.runner.RemoteTestRunner -version 3 -port 51276 -testLoaderClass org.eclipse.jdt.internal.junit4.runner.JUnit4TestLoader -loaderpluginname org.eclipse.jdt.junit4.runtime -test test.localization.KZCityMessagesBundleTest:testEnglishBundle -testfailures C:\Users\VADIM~1.ISA\AppData\Local\Temp\testFailures966836203260112858.txt
java_class_path (initial): C:\Workspace\workspace1\kz-lib\core\target\test-classes;C:\Workspace\workspace1\kz-lib\core\target\classes;C:\Workspace\workspace1\international-lib\core\target\classes;C:\Users\vadim.isaev\.m2\repository\org\apache\commons\commons-lang3\3.4\commons-lang3-3.4.jar;C:\Workspace\workspace1\lapsa-lib\commons\target\classes;C:\Users\vadim.isaev\.m2\repository\junit\junit\4.12\junit-4.12.jar;C:\Users\vadim.isaev\.m2\repository\org\hamcrest\hamcrest-core\1.3\hamcrest-core-1.3.jar;C:\Users\vadim.isaev\.m2\repository\org\hamcrest\hamcrest-all\1.3\hamcrest-all-1.3.jar;/C:/Java/eclipse-jee-mars-2-win32-x86_64/configuration/org.eclipse.osgi/383/0/.cp/;/C:/Java/eclipse-jee-mars-2-win32-x86_64/configuration/org.eclipse.osgi/382/0/.cp/
Launcher Type: SUN_STANDARD

Environment Variables:
JAVA_HOME=C:\Java\jdk-default
PATH=C:\Java\jdk1.8.0_74\jre\bin;C:/Java/jdk-default/bin/../jre/bin/server;C:/Java/jdk-default/bin/../jre/bin;C:/Java/jdk-default/bin/../jre/lib/amd64;C:\Program Files (x86)\Common Files\Intel\Shared Files\cpp\bin\Intel64;C:\Program Files (x86)\Intel\iCLS Client\;C:\Program Files\Intel\iCLS Client\;C:\Windows\system32;C:\Windows;C:\Windows\System32\Wbem;C:\Windows\System32\WindowsPowerShell\v1.0\;C:\Program Files\Intel\Intel(R) Management Engine Components\DAL;C:\Program Files (x86)\Intel\Intel(R) Management Engine Components\DAL;C:\Program Files\Intel\Intel(R) Management Engine Components\IPT;C:\Program Files (x86)\Intel\Intel(R) Management Engine Components\IPT;C:\Git-2.6.4\cmd;C:\Git-2.6.4\mingw64\bin;C:\Git-2.6.4\usr\bin;C:\Program Files (x86)\VMware\Client Integration Plug-in 5.5\ovftool\;C:\Program Files\TortoiseSVN\bin;C:\Program Files\nodejs\;C:\Program Files (x86)\Skype\Phone\;C:\Python27\;C:\Python27\\Scripts;C:\MinGW\bin\;C:\Java\jdk-default\bin;C:\Java\apache-maven-3.3.9\bin\;C:\Workspace\glassfish-4.1\glassfish\bin\;C:\Users\vadim.isaev\AppData\Roaming\npm;C:\Java\eclipse-jee-mars-2-win32-x86_64;
USERNAME=Vadim.Isaev
OS=Windows_NT
PROCESSOR_IDENTIFIER=Intel64 Family 6 Model 60 Stepping 3, GenuineIntel



---------------  S Y S T E M  ---------------

OS: Windows 7 , 64 bit Build 7601 (6.1.7601.23796)

CPU:total 8 (4 cores per cpu, 2 threads per core) family 6 model 60 stepping 3, cmov, cx8, fxsr, mmx, sse, sse2, sse3, ssse3, sse4.1, sse4.2, popcnt, avx, avx2, aes, clmul, erms, lzcnt, ht, tsc, tscinvbit, bmi1, bmi2

Memory: 4k page, physical 8292228k(920740k free), swap 16582596k(6625620k free)

vm_info: Java HotSpot(TM) 64-Bit Server VM (25.74-b02) for windows-amd64 JRE (1.8.0_74-b02), built on Jan 29 2016 17:42:36 by "java_re" with MS VC++ 10.0 (VS2010)

time: Fri Sep 22 13:32:15 2017
elapsed time: 54 seconds (0d 0h 0m 54s)

